{
  "RSpec": {
    "coverage": {
      "/Users/erik/rail_messaging_june_18/rails_messaging_june_18/app/models/user.rb": [
        1,
        null,
        null,
        1,
        null,
        null,
        1,
        1,
        1,
        null,
        1,
        null,
        1,
        0,
        null,
        null,
        1,
        0,
        null,
        null
      ],
      "/Users/erik/rail_messaging_june_18/rails_messaging_june_18/app/models/application_record.rb": [
        1,
        1,
        null
      ],
      "/Users/erik/rail_messaging_june_18/rails_messaging_june_18/app/helpers/application_helper.rb": [
        1,
        1,
        0,
        0,
        0,
        0,
        0,
        null,
        null,
        1,
        0,
        null,
        null
      ],
      "/Users/erik/rail_messaging_june_18/rails_messaging_june_18/app/helpers/mailbox_helper.rb": [
        1,
        1,
        null,
        null,
        0,
        null,
        null
      ],
      "/Users/erik/rail_messaging_june_18/rails_messaging_june_18/app/controllers/application_controller.rb": [
        0,
        null,
        null,
        0,
        null,
        0,
        null,
        0,
        null,
        0,
        null,
        0,
        0,
        0,
        null,
        0,
        0,
        0,
        null,
        0,
        null,
        0,
        0,
        0,
        0
      ],
      "/Users/erik/rail_messaging_june_18/rails_messaging_june_18/app/controllers/mailbox_controller.rb": [
        0,
        0,
        null,
        0,
        0,
        0,
        0,
        null,
        0,
        0,
        0,
        0,
        null,
        0,
        0,
        0,
        0,
        0
      ],
      "/Users/erik/rail_messaging_june_18/rails_messaging_june_18/app/controllers/conversations_controller.rb": [
        0,
        0,
        null,
        0,
        0,
        null,
        0,
        0,
        0,
        0,
        0,
        0,
        null,
        0,
        0,
        null,
        0,
        0,
        null,
        0,
        0,
        0,
        0,
        0,
        null,
        0,
        0,
        0,
        0,
        null,
        0,
        0,
        0,
        0,
        null,
        0,
        null,
        0,
        0,
        0,
        null,
        0,
        0,
        0,
        null,
        0
      ],
      "/Users/erik/rail_messaging_june_18/rails_messaging_june_18/app/controllers/welcome_controller.rb": [
        0,
        0,
        0,
        0
      ]
    },
    "timestamp": 1530623728
  },
  "Cucumber Features": {
    "coverage": {
      "/Users/erik/rail_messaging_june_18/rails_messaging_june_18/app/models/application_record.rb": [
        0,
        0,
        0
      ],
      "/Users/erik/rail_messaging_june_18/rails_messaging_june_18/app/models/user.rb": [
        0,
        null,
        null,
        0,
        0,
        null,
        0,
        0,
        0,
        null,
        0,
        null,
        0,
        0,
        0,
        null,
        0,
        0,
        0,
        0
      ],
      "/Users/erik/rail_messaging_june_18/rails_messaging_june_18/app/controllers/application_controller.rb": [
        0,
        null,
        null,
        0,
        null,
        0,
        null,
        0,
        null,
        0,
        null,
        0,
        0,
        0,
        null,
        0,
        0,
        0,
        null,
        0,
        null,
        0,
        0,
        0,
        0
      ],
      "/Users/erik/rail_messaging_june_18/rails_messaging_june_18/app/controllers/mailbox_controller.rb": [
        0,
        0,
        null,
        0,
        0,
        0,
        0,
        null,
        0,
        0,
        0,
        0,
        null,
        0,
        0,
        0,
        0,
        0
      ],
      "/Users/erik/rail_messaging_june_18/rails_messaging_june_18/app/controllers/conversations_controller.rb": [
        0,
        0,
        null,
        0,
        0,
        null,
        0,
        0,
        0,
        0,
        0,
        0,
        null,
        0,
        0,
        null,
        0,
        0,
        null,
        0,
        0,
        0,
        0,
        0,
        null,
        0,
        0,
        0,
        0,
        null,
        0,
        0,
        0,
        0,
        null,
        0,
        null,
        0,
        0,
        0,
        null,
        0,
        0,
        0,
        null,
        0
      ],
      "/Users/erik/rail_messaging_june_18/rails_messaging_june_18/app/controllers/welcome_controller.rb": [
        0,
        0,
        0,
        0
      ],
      "/Users/erik/rail_messaging_june_18/rails_messaging_june_18/app/helpers/mailbox_helper.rb": [
        0,
        0,
        null,
        null,
        0,
        0,
        0
      ],
      "/Users/erik/rail_messaging_june_18/rails_messaging_june_18/app/helpers/application_helper.rb": [
        0,
        0,
        0,
        0,
        0,
        0,
        0,
        0,
        0,
        0,
        0,
        0,
        0
      ]
    },
    "timestamp": 1530623731
  }
}
